!SESSION 2017-11-21 15:40:06.835 -----------------------------------------------
eclipse.buildId=4.6.2.M20161124-1400
java.version=1.8.0_144
java.vendor=Oracle Corporation
BootLoader constants: OS=win32, ARCH=x86_64, WS=win32, NL=fr_FR
Framework arguments:  -product org.eclipse.epp.package.java.product -product org.eclipse.epp.package.java.product
Command-line arguments:  -os win32 -ws win32 -arch x86_64 -product org.eclipse.epp.package.java.product -data C:\Users\azalius\Documents\TpIb -product org.eclipse.epp.package.java.product

!ENTRY org.eclipse.egit.ui 2 0 2017-11-21 15:40:52.293
!MESSAGE Warning: The environment variable HOME is not set. The following directory will be used to store the Git
user global configuration and to define the default location to store repositories: 'C:\Users\azalius'. If this is
not correct please set the HOME environment variable and restart Eclipse. Otherwise Git for Windows and
EGit might behave differently since they see different configuration options.
This warning can be switched off on the Team > Git > Confirmations and Warnings preference page.

!ENTRY org.eclipse.equinox.p2.metadata.repository 4 1000 2017-11-21 15:42:59.493
!MESSAGE No repository found at http://www.objectaid.com/update.

!ENTRY org.infinitest.eclipse 1 0 2017-11-21 16:00:50.010
!MESSAGE Filter file C:\Users\azalius\Documents\TpIb\KataParrot\infinitest.filters does not exist.

!ENTRY org.infinitest.eclipse 1 0 2017-11-21 16:00:50.101
!MESSAGE Reloading core KataParrot

!ENTRY org.infinitest.eclipse 1 0 2017-11-21 16:00:50.150
!MESSAGE Added core KataParrot with classpath C:\Users\azalius\Documents\TpIb\KataParrot\target\classes;C:\Users\azalius\Documents\TpIb\KataParrot\target\test-classes;C:\Users\azalius\.m2\repository\junit\junit\3.8.1\junit-3.8.1.jar;C:/Users/azalius/AppData/Local/Temp/infinitest689685023.jar

!ENTRY org.infinitest.eclipse 1 0 2017-11-21 16:00:50.155
!MESSAGE KataParrot Files changed: [C:\Users\azalius\Documents\TpIb\KataParrot\target\classes\unilim\fr\KataParrot\App.class, C:\Users\azalius\Documents\TpIb\KataParrot\target\test-classes\unilim\fr\KataParrot\AppTest.class]

!ENTRY org.infinitest.eclipse 1 0 2017-11-21 16:00:50.552
!MESSAGE KataParrot Running tests: [unilim.fr.KataParrot.AppTest]

!ENTRY org.infinitest.eclipse 1 0 2017-11-21 16:00:50.578
!MESSAGE Launching test runner process with the following configuration:
Directory: C:\Users\azalius\Documents\TpIb\KataParrot
Environment: {LOCALAPPDATA=C:\Users\azalius\AppData\Local, MSMPI_BIN=C:\Program Files\Microsoft MPI\Bin\, PROCESSOR_LEVEL=6, FP_NO_HOST_CHECK=NO, USERDOMAIN=azalius-PC, LOGONSERVER=\\AZALIUS-PC, FSHARPINSTALLDIR=C:\Program Files (x86)\Microsoft SDKs\F#\4.1\Framework\v4.0\, SESSIONNAME=Console, ALLUSERSPROFILE=C:\ProgramData, PROCESSOR_ARCHITECTURE=AMD64, PSModulePath=C:\Windows\system32\WindowsPowerShell\v1.0\Modules\, SystemDrive=C:, APPDATA=C:\Users\azalius\AppData\Roaming, GTK_BASEPATH=C:\Program Files (x86)\GtkSharp\2.12\, USERNAME=azalius, windows_tracing_logfile=C:\BVTBin\Tests\installpackage\csilogfile.log, ProgramFiles(x86)=C:\Program Files (x86), CommonProgramFiles=C:\Program Files\Common Files, Path=C:/Program Files/Java/jre1.8.0_144/bin/server;C:/Program Files/Java/jre1.8.0_144/bin;C:/Program Files/Java/jre1.8.0_144/lib/amd64;C:\Program Files\Python36\Scripts\;C:\Program Files\Python36\;C:\Program Files\Microsoft MPI\Bin\;C:\ProgramData\Oracle\Java\javapath;C:\Windows\system32;C:\Windows;C:\Windows\System32\Wbem;C:\Windows\System32\WindowsPowerShell\v1.0\;C:\Program Files\Microsoft SQL Server\130\Tools\Binn\;C:\Program Files\dotnet\;C:\Program Files (x86)\GtkSharp\2.12\bin;C:\Program Files\Git\cmd;C:\Program Files\Microsoft VS Code\bin;C:\Users\azalius\AppData\Local\atom\bin;C:\eclipse;, PATHEXT=.COM;.EXE;.BAT;.CMD;.VBS;.VBE;.JS;.JSE;.WSF;.WSH;.MSC;.PY;.PYW, OS=Windows_NT, windows_tracing_flags=3, COMPUTERNAME=AZALIUS-PC, PROCESSOR_REVISION=3708, CommonProgramW6432=C:\Program Files\Common Files, CLASSPATH=C:\Users\azalius\Documents\TpIb\KataParrot\target\classes;C:\Users\azalius\Documents\TpIb\KataParrot\target\test-classes;C:\Users\azalius\.m2\repository\junit\junit\3.8.1\junit-3.8.1.jar;C:/Users/azalius/AppData/Local/Temp/infinitest689685023.jar, ComSpec=C:\Windows\system32\cmd.exe, OpenXXDir=C:\Softs'Ium\Shell\, ProgramData=C:\ProgramData, ProgramW6432=C:\Program Files, HOMEPATH=\Users\azalius, SystemRoot=C:\Windows, TEMP=C:\Users\azalius\AppData\Local\Temp, HOMEDRIVE=C:, PROCESSOR_IDENTIFIER=Intel64 Family 6 Model 55 Stepping 8, GenuineIntel, USERPROFILE=C:\Users\azalius, TMP=C:\Users\azalius\AppData\Local\Temp, OpenXXDll=C:\Softs'Ium\Shell\OpenXX64.dll, CommonProgramFiles(x86)=C:\Program Files (x86)\Common Files, ProgramFiles=C:\Program Files, PUBLIC=C:\Users\Public, NUMBER_OF_PROCESSORS=2, OpenXXApp=C:\Softs'Ium\Shell\OpenXX64.exe, windir=C:\Windows, =::=::\}
Command: [C:\Program Files\Java\jre1.8.0_144\bin\java.exe, -mx256m, org.infinitest.testrunner.TestRunnerProcess, org.infinitest.testrunner.JUnit4Runner, 58542]

!ENTRY org.infinitest.eclipse 1 0 2017-11-21 16:00:51.911
!MESSAGE Update complete. Status PASSING

!ENTRY org.infinitest.eclipse 1 0 2017-11-21 16:06:05.603
!MESSAGE Files removed. Reloading KataParrot

!ENTRY org.infinitest.eclipse 1 0 2017-11-21 16:06:05.605
!MESSAGE Reloading core KataParrot

!ENTRY org.infinitest.eclipse 1 0 2017-11-21 16:06:05.608
!MESSAGE KataParrot Files changed: [C:\Users\azalius\Documents\TpIb\KataParrot\target\classes\unilim\fr\KataParrot\App.class]

!ENTRY org.infinitest.eclipse 1 0 2017-11-21 16:06:36.888
!MESSAGE KataParrot Files changed: [C:\Users\azalius\Documents\TpIb\KataParrot\target\test-classes\unilim\fr\KataParrot\ParrotTest.class]

!ENTRY org.infinitest.eclipse 1 0 2017-11-21 16:07:51.786
!MESSAGE Reloading core KataParrot

!ENTRY org.infinitest.eclipse 1 0 2017-11-21 16:07:51.789
!MESSAGE KataParrot Files changed: [C:\Users\azalius\Documents\TpIb\KataParrot\target\test-classes\unilim\fr\KataParrot\ParrotTest.class, C:\Users\azalius\Documents\TpIb\KataParrot\target\classes\unilim\fr\KataParrot\App.class]

!ENTRY org.infinitest.eclipse 1 0 2017-11-21 16:08:27.134
!MESSAGE Files removed. Reloading KataParrot

!ENTRY org.infinitest.eclipse 1 0 2017-11-21 16:08:27.135
!MESSAGE Reloading core KataParrot

!ENTRY org.infinitest.eclipse 1 0 2017-11-21 16:08:28.131
!MESSAGE KataParrot Files changed: [C:\Users\azalius\Documents\TpIb\KataParrot\target\test-classes\unilim\fr\KataParrot\ParrotTest.class, C:\Users\azalius\Documents\TpIb\KataParrot\target\classes\unilim\fr\KataParrot\App.class]

!ENTRY org.infinitest.eclipse 1 0 2017-11-21 16:08:38.414
!MESSAGE Files removed. Reloading KataParrot

!ENTRY org.infinitest.eclipse 1 0 2017-11-21 16:08:38.415
!MESSAGE Reloading core KataParrot

!ENTRY org.infinitest.eclipse 1 0 2017-11-21 16:08:38.421
!MESSAGE KataParrot Files changed: [C:\Users\azalius\Documents\TpIb\KataParrot\target\test-classes\unilim\fr\KataParrot\ParrotTest.class]

!ENTRY org.infinitest.eclipse 1 0 2017-11-21 16:08:59.057
!MESSAGE KataParrot Files changed: [C:\Users\azalius\Documents\TpIb\KataParrot\target\classes\unilim\fr\KataParrot\Parrot.class]

!ENTRY org.infinitest.eclipse 1 0 2017-11-21 16:10:39.697
!MESSAGE KataParrot Files changed: [C:\Users\azalius\Documents\TpIb\KataParrot\target\classes\unilim\fr\KataParrot\Parrot.class, C:\Users\azalius\Documents\TpIb\KataParrot\target\test-classes\unilim\fr\KataParrot\ParrotTest.class, C:\Users\azalius\Documents\TpIb\KataParrot\target\classes\unilim\fr\KataParrot\ParrotTypeEnum.class]

!ENTRY org.infinitest.eclipse 1 0 2017-11-21 16:10:39.729
!MESSAGE KataParrot Running tests: [unilim.fr.KataParrot.ParrotTest]

!ENTRY org.infinitest.eclipse 1 0 2017-11-21 16:10:39.732
!MESSAGE Launching test runner process with the following configuration:
Directory: C:\Users\azalius\Documents\TpIb\KataParrot
Environment: {LOCALAPPDATA=C:\Users\azalius\AppData\Local, MSMPI_BIN=C:\Program Files\Microsoft MPI\Bin\, PROCESSOR_LEVEL=6, FP_NO_HOST_CHECK=NO, USERDOMAIN=azalius-PC, LOGONSERVER=\\AZALIUS-PC, FSHARPINSTALLDIR=C:\Program Files (x86)\Microsoft SDKs\F#\4.1\Framework\v4.0\, SESSIONNAME=Console, ALLUSERSPROFILE=C:\ProgramData, PROCESSOR_ARCHITECTURE=AMD64, PSModulePath=C:\Windows\system32\WindowsPowerShell\v1.0\Modules\, SystemDrive=C:, APPDATA=C:\Users\azalius\AppData\Roaming, GTK_BASEPATH=C:\Program Files (x86)\GtkSharp\2.12\, USERNAME=azalius, windows_tracing_logfile=C:\BVTBin\Tests\installpackage\csilogfile.log, ProgramFiles(x86)=C:\Program Files (x86), CommonProgramFiles=C:\Program Files\Common Files, Path=C:/Program Files/Java/jre1.8.0_144/bin/server;C:/Program Files/Java/jre1.8.0_144/bin;C:/Program Files/Java/jre1.8.0_144/lib/amd64;C:\Program Files\Python36\Scripts\;C:\Program Files\Python36\;C:\Program Files\Microsoft MPI\Bin\;C:\ProgramData\Oracle\Java\javapath;C:\Windows\system32;C:\Windows;C:\Windows\System32\Wbem;C:\Windows\System32\WindowsPowerShell\v1.0\;C:\Program Files\Microsoft SQL Server\130\Tools\Binn\;C:\Program Files\dotnet\;C:\Program Files (x86)\GtkSharp\2.12\bin;C:\Program Files\Git\cmd;C:\Program Files\Microsoft VS Code\bin;C:\Users\azalius\AppData\Local\atom\bin;C:\eclipse;, PATHEXT=.COM;.EXE;.BAT;.CMD;.VBS;.VBE;.JS;.JSE;.WSF;.WSH;.MSC;.PY;.PYW, OS=Windows_NT, windows_tracing_flags=3, COMPUTERNAME=AZALIUS-PC, PROCESSOR_REVISION=3708, CommonProgramW6432=C:\Program Files\Common Files, CLASSPATH=C:\Users\azalius\Documents\TpIb\KataParrot\target\classes;C:\Users\azalius\Documents\TpIb\KataParrot\target\test-classes;C:\Users\azalius\.m2\repository\junit\junit\4.12\junit-4.12.jar;C:\Users\azalius\.m2\repository\org\hamcrest\hamcrest-core\1.3\hamcrest-core-1.3.jar;C:\Users\azalius\.m2\repository\org\mockito\mockito-core\2.10.0\mockito-core-2.10.0.jar;C:\Users\azalius\.m2\repository\net\bytebuddy\byte-buddy\1.7.4\byte-buddy-1.7.4.jar;C:\Users\azalius\.m2\repository\net\bytebuddy\byte-buddy-agent\1.7.4\byte-buddy-agent-1.7.4.jar;C:\Users\azalius\.m2\repository\org\objenesis\objenesis\2.6\objenesis-2.6.jar;C:/Users/azalius/AppData/Local/Temp/infinitest689685023.jar, ComSpec=C:\Windows\system32\cmd.exe, OpenXXDir=C:\Softs'Ium\Shell\, ProgramData=C:\ProgramData, ProgramW6432=C:\Program Files, HOMEPATH=\Users\azalius, SystemRoot=C:\Windows, TEMP=C:\Users\azalius\AppData\Local\Temp, HOMEDRIVE=C:, PROCESSOR_IDENTIFIER=Intel64 Family 6 Model 55 Stepping 8, GenuineIntel, USERPROFILE=C:\Users\azalius, TMP=C:\Users\azalius\AppData\Local\Temp, OpenXXDll=C:\Softs'Ium\Shell\OpenXX64.dll, CommonProgramFiles(x86)=C:\Program Files (x86)\Common Files, ProgramFiles=C:\Program Files, PUBLIC=C:\Users\Public, NUMBER_OF_PROCESSORS=2, OpenXXApp=C:\Softs'Ium\Shell\OpenXX64.exe, windir=C:\Windows, =::=::\}
Command: [C:\Program Files\Java\jre1.8.0_144\bin\java.exe, -mx256m, org.infinitest.testrunner.TestRunnerProcess, org.infinitest.testrunner.JUnit4Runner, 58676]

!ENTRY org.infinitest.eclipse 4 0 2017-11-21 16:10:42.249
!MESSAGE Test runner process failed to start in a timely manner
!STACK 0
java.net.SocketTimeoutException: Accept timed out
	at java.net.DualStackPlainSocketImpl.waitForNewConnection(Native Method)
	at java.net.DualStackPlainSocketImpl.socketAccept(Unknown Source)
	at java.net.AbstractPlainSocketImpl.accept(Unknown Source)
	at java.net.PlainSocketImpl.accept(Unknown Source)
	at java.net.ServerSocket.implAccept(Unknown Source)
	at java.net.ServerSocket.accept(Unknown Source)
	at org.infinitest.testrunner.process.TcpSocketProcessCommunicator.openSocket(TcpSocketProcessCommunicator.java:70)
	at org.infinitest.testrunner.process.NativeConnectionFactory.getConnection(NativeConnectionFactory.java:54)
	at org.infinitest.testrunner.TestQueueProcessor.establishConnection(TestQueueProcessor.java:66)
	at org.infinitest.testrunner.TestQueueProcessor.<init>(TestQueueProcessor.java:49)
	at org.infinitest.testrunner.MultiProcessRunner$1.createQueueProcessor(MultiProcessRunner.java:54)
	at org.infinitest.testrunner.queue.QueueConsumer.startProcessing(QueueConsumer.java:67)
	at org.infinitest.testrunner.queue.QueueConsumer.push(QueueConsumer.java:62)
	at org.infinitest.testrunner.MultiProcessRunner.runTests(MultiProcessRunner.java:68)
	at org.infinitest.DefaultInfinitestCore.runTests(DefaultInfinitestCore.java:232)
	at org.infinitest.DefaultInfinitestCore.runOptimizedTestSet(DefaultInfinitestCore.java:125)
	at org.infinitest.DefaultInfinitestCore.update(DefaultInfinitestCore.java:81)
	at org.infinitest.DefaultInfinitestCore.update(DefaultInfinitestCore.java:91)
	at org.infinitest.eclipse.workspace.EclipseWorkspace.updateProject(EclipseWorkspace.java:108)
	at org.infinitest.eclipse.workspace.EclipseWorkspace.updateProjectsIn(EclipseWorkspace.java:96)
	at org.infinitest.eclipse.workspace.EclipseWorkspace.updateProjects(EclipseWorkspace.java:73)
	at org.infinitest.eclipse.event.ClassFileChangeProcessor.processEvent(ClassFileChangeProcessor.java:56)
	at org.infinitest.eclipse.event.EventProcessorRunnable.run(EventProcessorRunnable.java:47)
	at org.infinitest.eclipse.SwtEventQueue$InfinitestJob.processEvent(SwtEventQueue.java:88)
	at org.infinitest.eclipse.SwtEventQueue$InfinitestJob.run(SwtEventQueue.java:73)
	at org.eclipse.core.internal.jobs.Worker.run(Worker.java:55)

!ENTRY org.infinitest.eclipse 4 0 2017-11-21 16:10:42.254
!MESSAGE Error executing event runnable: Looking for tests
!STACK 0
java.lang.RuntimeException: java.net.SocketTimeoutException: Accept timed out
	at org.infinitest.testrunner.process.TcpSocketProcessCommunicator.openSocket(TcpSocketProcessCommunicator.java:76)
	at org.infinitest.testrunner.process.NativeConnectionFactory.getConnection(NativeConnectionFactory.java:54)
	at org.infinitest.testrunner.TestQueueProcessor.establishConnection(TestQueueProcessor.java:66)
	at org.infinitest.testrunner.TestQueueProcessor.<init>(TestQueueProcessor.java:49)
	at org.infinitest.testrunner.MultiProcessRunner$1.createQueueProcessor(MultiProcessRunner.java:54)
	at org.infinitest.testrunner.queue.QueueConsumer.startProcessing(QueueConsumer.java:67)
	at org.infinitest.testrunner.queue.QueueConsumer.push(QueueConsumer.java:62)
	at org.infinitest.testrunner.MultiProcessRunner.runTests(MultiProcessRunner.java:68)
	at org.infinitest.DefaultInfinitestCore.runTests(DefaultInfinitestCore.java:232)
	at org.infinitest.DefaultInfinitestCore.runOptimizedTestSet(DefaultInfinitestCore.java:125)
	at org.infinitest.DefaultInfinitestCore.update(DefaultInfinitestCore.java:81)
	at org.infinitest.DefaultInfinitestCore.update(DefaultInfinitestCore.java:91)
	at org.infinitest.eclipse.workspace.EclipseWorkspace.updateProject(EclipseWorkspace.java:108)
	at org.infinitest.eclipse.workspace.EclipseWorkspace.updateProjectsIn(EclipseWorkspace.java:96)
	at org.infinitest.eclipse.workspace.EclipseWorkspace.updateProjects(EclipseWorkspace.java:73)
	at org.infinitest.eclipse.event.ClassFileChangeProcessor.processEvent(ClassFileChangeProcessor.java:56)
	at org.infinitest.eclipse.event.EventProcessorRunnable.run(EventProcessorRunnable.java:47)
	at org.infinitest.eclipse.SwtEventQueue$InfinitestJob.processEvent(SwtEventQueue.java:88)
	at org.infinitest.eclipse.SwtEventQueue$InfinitestJob.run(SwtEventQueue.java:73)
	at org.eclipse.core.internal.jobs.Worker.run(Worker.java:55)
Caused by: java.net.SocketTimeoutException: Accept timed out
	at java.net.DualStackPlainSocketImpl.waitForNewConnection(Native Method)
	at java.net.DualStackPlainSocketImpl.socketAccept(Unknown Source)
	at java.net.AbstractPlainSocketImpl.accept(Unknown Source)
	at java.net.PlainSocketImpl.accept(Unknown Source)
	at java.net.ServerSocket.implAccept(Unknown Source)
	at java.net.ServerSocket.accept(Unknown Source)
	at org.infinitest.testrunner.process.TcpSocketProcessCommunicator.openSocket(TcpSocketProcessCommunicator.java:70)
	... 19 more

!ENTRY org.infinitest.eclipse 1 0 2017-11-21 16:11:37.676
!MESSAGE Files removed. Reloading KataParrot

!ENTRY org.infinitest.eclipse 1 0 2017-11-21 16:11:37.677
!MESSAGE Reloading core KataParrot

!ENTRY org.infinitest.eclipse 1 0 2017-11-21 16:11:38.315
!MESSAGE KataParrot Files changed: [C:\Users\azalius\Documents\TpIb\KataParrot\target\classes\unilim\fr\KataParrot\Parrot.class, C:\Users\azalius\Documents\TpIb\KataParrot\target\test-classes\unilim\fr\KataParrot\ParrotTest.class, C:\Users\azalius\Documents\TpIb\KataParrot\target\classes\unilim\fr\KataParrot\ParrotTypeEnum.class]

!ENTRY org.infinitest.eclipse 1 0 2017-11-21 16:11:38.318
!MESSAGE KataParrot Running tests: [unilim.fr.KataParrot.ParrotTest]

!ENTRY org.infinitest.eclipse 1 0 2017-11-21 16:11:38.320
!MESSAGE Launching test runner process with the following configuration:
Directory: C:\Users\azalius\Documents\TpIb\KataParrot
Environment: {LOCALAPPDATA=C:\Users\azalius\AppData\Local, MSMPI_BIN=C:\Program Files\Microsoft MPI\Bin\, PROCESSOR_LEVEL=6, FP_NO_HOST_CHECK=NO, USERDOMAIN=azalius-PC, LOGONSERVER=\\AZALIUS-PC, FSHARPINSTALLDIR=C:\Program Files (x86)\Microsoft SDKs\F#\4.1\Framework\v4.0\, SESSIONNAME=Console, ALLUSERSPROFILE=C:\ProgramData, PROCESSOR_ARCHITECTURE=AMD64, PSModulePath=C:\Windows\system32\WindowsPowerShell\v1.0\Modules\, SystemDrive=C:, APPDATA=C:\Users\azalius\AppData\Roaming, GTK_BASEPATH=C:\Program Files (x86)\GtkSharp\2.12\, USERNAME=azalius, windows_tracing_logfile=C:\BVTBin\Tests\installpackage\csilogfile.log, ProgramFiles(x86)=C:\Program Files (x86), CommonProgramFiles=C:\Program Files\Common Files, Path=C:/Program Files/Java/jre1.8.0_144/bin/server;C:/Program Files/Java/jre1.8.0_144/bin;C:/Program Files/Java/jre1.8.0_144/lib/amd64;C:\Program Files\Python36\Scripts\;C:\Program Files\Python36\;C:\Program Files\Microsoft MPI\Bin\;C:\ProgramData\Oracle\Java\javapath;C:\Windows\system32;C:\Windows;C:\Windows\System32\Wbem;C:\Windows\System32\WindowsPowerShell\v1.0\;C:\Program Files\Microsoft SQL Server\130\Tools\Binn\;C:\Program Files\dotnet\;C:\Program Files (x86)\GtkSharp\2.12\bin;C:\Program Files\Git\cmd;C:\Program Files\Microsoft VS Code\bin;C:\Users\azalius\AppData\Local\atom\bin;C:\eclipse;, PATHEXT=.COM;.EXE;.BAT;.CMD;.VBS;.VBE;.JS;.JSE;.WSF;.WSH;.MSC;.PY;.PYW, OS=Windows_NT, windows_tracing_flags=3, COMPUTERNAME=AZALIUS-PC, PROCESSOR_REVISION=3708, CommonProgramW6432=C:\Program Files\Common Files, CLASSPATH=C:\Users\azalius\Documents\TpIb\KataParrot\target\classes;C:\Users\azalius\Documents\TpIb\KataParrot\target\test-classes;C:\Users\azalius\.m2\repository\junit\junit\4.12\junit-4.12.jar;C:\Users\azalius\.m2\repository\org\hamcrest\hamcrest-core\1.3\hamcrest-core-1.3.jar;C:\Users\azalius\.m2\repository\org\mockito\mockito-core\2.10.0\mockito-core-2.10.0.jar;C:\Users\azalius\.m2\repository\net\bytebuddy\byte-buddy\1.7.4\byte-buddy-1.7.4.jar;C:\Users\azalius\.m2\repository\net\bytebuddy\byte-buddy-agent\1.7.4\byte-buddy-agent-1.7.4.jar;C:\Users\azalius\.m2\repository\org\objenesis\objenesis\2.6\objenesis-2.6.jar;C:/Users/azalius/AppData/Local/Temp/infinitest689685023.jar, ComSpec=C:\Windows\system32\cmd.exe, OpenXXDir=C:\Softs'Ium\Shell\, ProgramData=C:\ProgramData, ProgramW6432=C:\Program Files, HOMEPATH=\Users\azalius, SystemRoot=C:\Windows, TEMP=C:\Users\azalius\AppData\Local\Temp, HOMEDRIVE=C:, PROCESSOR_IDENTIFIER=Intel64 Family 6 Model 55 Stepping 8, GenuineIntel, USERPROFILE=C:\Users\azalius, TMP=C:\Users\azalius\AppData\Local\Temp, OpenXXDll=C:\Softs'Ium\Shell\OpenXX64.dll, CommonProgramFiles(x86)=C:\Program Files (x86)\Common Files, ProgramFiles=C:\Program Files, PUBLIC=C:\Users\Public, NUMBER_OF_PROCESSORS=2, OpenXXApp=C:\Softs'Ium\Shell\OpenXX64.exe, windir=C:\Windows, =::=::\}
Command: [C:\Program Files\Java\jre1.8.0_144\bin\java.exe, -mx256m, org.infinitest.testrunner.TestRunnerProcess, org.infinitest.testrunner.JUnit4Runner, 58678]

!ENTRY org.infinitest.eclipse 1 0 2017-11-21 16:11:39.275
!MESSAGE Update complete. Status PASSING

!ENTRY org.infinitest.eclipse 1 0 2017-11-21 16:12:27.612
!MESSAGE KataParrot Files changed: [C:\Users\azalius\Documents\TpIb\KataParrot\target\classes\unilim\fr\KataParrot\EuropeanParrot.class]

!ENTRY org.infinitest.eclipse 1 0 2017-11-21 16:12:49.064
!MESSAGE KataParrot Files changed: [C:\Users\azalius\Documents\TpIb\KataParrot\target\classes\unilim\fr\KataParrot\AfricanParrot.class]

!ENTRY org.infinitest.eclipse 1 0 2017-11-21 16:13:21.501
!MESSAGE KataParrot Files changed: [C:\Users\azalius\Documents\TpIb\KataParrot\target\classes\unilim\fr\KataParrot\NorweiganParrot.class]

!ENTRY org.infinitest.eclipse 1 0 2017-11-21 16:15:36.152
!MESSAGE KataParrot Files changed: [C:\Users\azalius\Documents\TpIb\KataParrot\target\classes\unilim\fr\KataParrot\Parrot.class]

!ENTRY org.infinitest.eclipse 1 0 2017-11-21 16:15:36.156
!MESSAGE KataParrot Running tests: [unilim.fr.KataParrot.ParrotTest]

!ENTRY org.infinitest.eclipse 1 0 2017-11-21 16:15:36.158
!MESSAGE Launching test runner process with the following configuration:
Directory: C:\Users\azalius\Documents\TpIb\KataParrot
Environment: {LOCALAPPDATA=C:\Users\azalius\AppData\Local, MSMPI_BIN=C:\Program Files\Microsoft MPI\Bin\, PROCESSOR_LEVEL=6, FP_NO_HOST_CHECK=NO, USERDOMAIN=azalius-PC, LOGONSERVER=\\AZALIUS-PC, FSHARPINSTALLDIR=C:\Program Files (x86)\Microsoft SDKs\F#\4.1\Framework\v4.0\, SESSIONNAME=Console, ALLUSERSPROFILE=C:\ProgramData, PROCESSOR_ARCHITECTURE=AMD64, PSModulePath=C:\Windows\system32\WindowsPowerShell\v1.0\Modules\, SystemDrive=C:, APPDATA=C:\Users\azalius\AppData\Roaming, GTK_BASEPATH=C:\Program Files (x86)\GtkSharp\2.12\, USERNAME=azalius, windows_tracing_logfile=C:\BVTBin\Tests\installpackage\csilogfile.log, ProgramFiles(x86)=C:\Program Files (x86), CommonProgramFiles=C:\Program Files\Common Files, Path=C:/Program Files/Java/jre1.8.0_144/bin/server;C:/Program Files/Java/jre1.8.0_144/bin;C:/Program Files/Java/jre1.8.0_144/lib/amd64;C:\Program Files\Python36\Scripts\;C:\Program Files\Python36\;C:\Program Files\Microsoft MPI\Bin\;C:\ProgramData\Oracle\Java\javapath;C:\Windows\system32;C:\Windows;C:\Windows\System32\Wbem;C:\Windows\System32\WindowsPowerShell\v1.0\;C:\Program Files\Microsoft SQL Server\130\Tools\Binn\;C:\Program Files\dotnet\;C:\Program Files (x86)\GtkSharp\2.12\bin;C:\Program Files\Git\cmd;C:\Program Files\Microsoft VS Code\bin;C:\Users\azalius\AppData\Local\atom\bin;C:\eclipse;, PATHEXT=.COM;.EXE;.BAT;.CMD;.VBS;.VBE;.JS;.JSE;.WSF;.WSH;.MSC;.PY;.PYW, OS=Windows_NT, windows_tracing_flags=3, COMPUTERNAME=AZALIUS-PC, PROCESSOR_REVISION=3708, CommonProgramW6432=C:\Program Files\Common Files, CLASSPATH=C:\Users\azalius\Documents\TpIb\KataParrot\target\classes;C:\Users\azalius\Documents\TpIb\KataParrot\target\test-classes;C:\Users\azalius\.m2\repository\junit\junit\4.12\junit-4.12.jar;C:\Users\azalius\.m2\repository\org\hamcrest\hamcrest-core\1.3\hamcrest-core-1.3.jar;C:\Users\azalius\.m2\repository\org\mockito\mockito-core\2.10.0\mockito-core-2.10.0.jar;C:\Users\azalius\.m2\repository\net\bytebuddy\byte-buddy\1.7.4\byte-buddy-1.7.4.jar;C:\Users\azalius\.m2\repository\net\bytebuddy\byte-buddy-agent\1.7.4\byte-buddy-agent-1.7.4.jar;C:\Users\azalius\.m2\repository\org\objenesis\objenesis\2.6\objenesis-2.6.jar;C:/Users/azalius/AppData/Local/Temp/infinitest689685023.jar, ComSpec=C:\Windows\system32\cmd.exe, OpenXXDir=C:\Softs'Ium\Shell\, ProgramData=C:\ProgramData, ProgramW6432=C:\Program Files, HOMEPATH=\Users\azalius, SystemRoot=C:\Windows, TEMP=C:\Users\azalius\AppData\Local\Temp, HOMEDRIVE=C:, PROCESSOR_IDENTIFIER=Intel64 Family 6 Model 55 Stepping 8, GenuineIntel, USERPROFILE=C:\Users\azalius, TMP=C:\Users\azalius\AppData\Local\Temp, OpenXXDll=C:\Softs'Ium\Shell\OpenXX64.dll, CommonProgramFiles(x86)=C:\Program Files (x86)\Common Files, ProgramFiles=C:\Program Files, PUBLIC=C:\Users\Public, NUMBER_OF_PROCESSORS=2, OpenXXApp=C:\Softs'Ium\Shell\OpenXX64.exe, windir=C:\Windows, =::=::\}
Command: [C:\Program Files\Java\jre1.8.0_144\bin\java.exe, -mx256m, org.infinitest.testrunner.TestRunnerProcess, org.infinitest.testrunner.JUnit4Runner, 58680]

!ENTRY org.infinitest.eclipse 1 0 2017-11-21 16:15:37.590
!MESSAGE Update complete. Status PASSING

!ENTRY org.infinitest.eclipse 1 0 2017-11-21 16:16:05.174
!MESSAGE KataParrot Files changed: [C:\Users\azalius\Documents\TpIb\KataParrot\target\classes\unilim\fr\KataParrot\Parrot.class]

!ENTRY org.infinitest.eclipse 1 0 2017-11-21 16:16:05.178
!MESSAGE KataParrot Running tests: [unilim.fr.KataParrot.ParrotTest]

!ENTRY org.infinitest.eclipse 1 0 2017-11-21 16:16:05.182
!MESSAGE Launching test runner process with the following configuration:
Directory: C:\Users\azalius\Documents\TpIb\KataParrot
Environment: {LOCALAPPDATA=C:\Users\azalius\AppData\Local, MSMPI_BIN=C:\Program Files\Microsoft MPI\Bin\, PROCESSOR_LEVEL=6, FP_NO_HOST_CHECK=NO, USERDOMAIN=azalius-PC, LOGONSERVER=\\AZALIUS-PC, FSHARPINSTALLDIR=C:\Program Files (x86)\Microsoft SDKs\F#\4.1\Framework\v4.0\, SESSIONNAME=Console, ALLUSERSPROFILE=C:\ProgramData, PROCESSOR_ARCHITECTURE=AMD64, PSModulePath=C:\Windows\system32\WindowsPowerShell\v1.0\Modules\, SystemDrive=C:, APPDATA=C:\Users\azalius\AppData\Roaming, GTK_BASEPATH=C:\Program Files (x86)\GtkSharp\2.12\, USERNAME=azalius, windows_tracing_logfile=C:\BVTBin\Tests\installpackage\csilogfile.log, ProgramFiles(x86)=C:\Program Files (x86), CommonProgramFiles=C:\Program Files\Common Files, Path=C:/Program Files/Java/jre1.8.0_144/bin/server;C:/Program Files/Java/jre1.8.0_144/bin;C:/Program Files/Java/jre1.8.0_144/lib/amd64;C:\Program Files\Python36\Scripts\;C:\Program Files\Python36\;C:\Program Files\Microsoft MPI\Bin\;C:\ProgramData\Oracle\Java\javapath;C:\Windows\system32;C:\Windows;C:\Windows\System32\Wbem;C:\Windows\System32\WindowsPowerShell\v1.0\;C:\Program Files\Microsoft SQL Server\130\Tools\Binn\;C:\Program Files\dotnet\;C:\Program Files (x86)\GtkSharp\2.12\bin;C:\Program Files\Git\cmd;C:\Program Files\Microsoft VS Code\bin;C:\Users\azalius\AppData\Local\atom\bin;C:\eclipse;, PATHEXT=.COM;.EXE;.BAT;.CMD;.VBS;.VBE;.JS;.JSE;.WSF;.WSH;.MSC;.PY;.PYW, OS=Windows_NT, windows_tracing_flags=3, COMPUTERNAME=AZALIUS-PC, PROCESSOR_REVISION=3708, CommonProgramW6432=C:\Program Files\Common Files, CLASSPATH=C:\Users\azalius\Documents\TpIb\KataParrot\target\classes;C:\Users\azalius\Documents\TpIb\KataParrot\target\test-classes;C:\Users\azalius\.m2\repository\junit\junit\4.12\junit-4.12.jar;C:\Users\azalius\.m2\repository\org\hamcrest\hamcrest-core\1.3\hamcrest-core-1.3.jar;C:\Users\azalius\.m2\repository\org\mockito\mockito-core\2.10.0\mockito-core-2.10.0.jar;C:\Users\azalius\.m2\repository\net\bytebuddy\byte-buddy\1.7.4\byte-buddy-1.7.4.jar;C:\Users\azalius\.m2\repository\net\bytebuddy\byte-buddy-agent\1.7.4\byte-buddy-agent-1.7.4.jar;C:\Users\azalius\.m2\repository\org\objenesis\objenesis\2.6\objenesis-2.6.jar;C:/Users/azalius/AppData/Local/Temp/infinitest689685023.jar, ComSpec=C:\Windows\system32\cmd.exe, OpenXXDir=C:\Softs'Ium\Shell\, ProgramData=C:\ProgramData, ProgramW6432=C:\Program Files, HOMEPATH=\Users\azalius, SystemRoot=C:\Windows, TEMP=C:\Users\azalius\AppData\Local\Temp, HOMEDRIVE=C:, PROCESSOR_IDENTIFIER=Intel64 Family 6 Model 55 Stepping 8, GenuineIntel, USERPROFILE=C:\Users\azalius, TMP=C:\Users\azalius\AppData\Local\Temp, OpenXXDll=C:\Softs'Ium\Shell\OpenXX64.dll, CommonProgramFiles(x86)=C:\Program Files (x86)\Common Files, ProgramFiles=C:\Program Files, PUBLIC=C:\Users\Public, NUMBER_OF_PROCESSORS=2, OpenXXApp=C:\Softs'Ium\Shell\OpenXX64.exe, windir=C:\Windows, =::=::\}
Command: [C:\Program Files\Java\jre1.8.0_144\bin\java.exe, -mx256m, org.infinitest.testrunner.TestRunnerProcess, org.infinitest.testrunner.JUnit4Runner, 58682]

!ENTRY org.infinitest.eclipse 1 0 2017-11-21 16:16:06.531
!MESSAGE Update complete. Status PASSING

!ENTRY org.infinitest.eclipse 1 0 2017-11-21 16:18:23.339
!MESSAGE KataParrot Files changed: [C:\Users\azalius\Documents\TpIb\KataParrot\target\classes\unilim\fr\KataParrot\EuropeanParrot.class]

!ENTRY org.infinitest.eclipse 1 0 2017-11-21 16:20:19.028
!MESSAGE KataParrot Files changed: [C:\Users\azalius\Documents\TpIb\KataParrot\target\classes\unilim\fr\KataParrot\AfricanParrot.class]

!ENTRY org.infinitest.eclipse 1 0 2017-11-21 16:20:43.615
!MESSAGE KataParrot Files changed: [C:\Users\azalius\Documents\TpIb\KataParrot\target\classes\unilim\fr\KataParrot\Parrot.class]

!ENTRY org.infinitest.eclipse 1 0 2017-11-21 16:20:43.617
!MESSAGE KataParrot Running tests: [unilim.fr.KataParrot.ParrotTest]

!ENTRY org.infinitest.eclipse 1 0 2017-11-21 16:20:43.620
!MESSAGE Launching test runner process with the following configuration:
Directory: C:\Users\azalius\Documents\TpIb\KataParrot
Environment: {LOCALAPPDATA=C:\Users\azalius\AppData\Local, MSMPI_BIN=C:\Program Files\Microsoft MPI\Bin\, PROCESSOR_LEVEL=6, FP_NO_HOST_CHECK=NO, USERDOMAIN=azalius-PC, LOGONSERVER=\\AZALIUS-PC, FSHARPINSTALLDIR=C:\Program Files (x86)\Microsoft SDKs\F#\4.1\Framework\v4.0\, SESSIONNAME=Console, ALLUSERSPROFILE=C:\ProgramData, PROCESSOR_ARCHITECTURE=AMD64, PSModulePath=C:\Windows\system32\WindowsPowerShell\v1.0\Modules\, SystemDrive=C:, APPDATA=C:\Users\azalius\AppData\Roaming, GTK_BASEPATH=C:\Program Files (x86)\GtkSharp\2.12\, USERNAME=azalius, windows_tracing_logfile=C:\BVTBin\Tests\installpackage\csilogfile.log, ProgramFiles(x86)=C:\Program Files (x86), CommonProgramFiles=C:\Program Files\Common Files, Path=C:/Program Files/Java/jre1.8.0_144/bin/server;C:/Program Files/Java/jre1.8.0_144/bin;C:/Program Files/Java/jre1.8.0_144/lib/amd64;C:\Program Files\Python36\Scripts\;C:\Program Files\Python36\;C:\Program Files\Microsoft MPI\Bin\;C:\ProgramData\Oracle\Java\javapath;C:\Windows\system32;C:\Windows;C:\Windows\System32\Wbem;C:\Windows\System32\WindowsPowerShell\v1.0\;C:\Program Files\Microsoft SQL Server\130\Tools\Binn\;C:\Program Files\dotnet\;C:\Program Files (x86)\GtkSharp\2.12\bin;C:\Program Files\Git\cmd;C:\Program Files\Microsoft VS Code\bin;C:\Users\azalius\AppData\Local\atom\bin;C:\eclipse;, PATHEXT=.COM;.EXE;.BAT;.CMD;.VBS;.VBE;.JS;.JSE;.WSF;.WSH;.MSC;.PY;.PYW, OS=Windows_NT, windows_tracing_flags=3, COMPUTERNAME=AZALIUS-PC, PROCESSOR_REVISION=3708, CommonProgramW6432=C:\Program Files\Common Files, CLASSPATH=C:\Users\azalius\Documents\TpIb\KataParrot\target\classes;C:\Users\azalius\Documents\TpIb\KataParrot\target\test-classes;C:\Users\azalius\.m2\repository\junit\junit\4.12\junit-4.12.jar;C:\Users\azalius\.m2\repository\org\hamcrest\hamcrest-core\1.3\hamcrest-core-1.3.jar;C:\Users\azalius\.m2\repository\org\mockito\mockito-core\2.10.0\mockito-core-2.10.0.jar;C:\Users\azalius\.m2\repository\net\bytebuddy\byte-buddy\1.7.4\byte-buddy-1.7.4.jar;C:\Users\azalius\.m2\repository\net\bytebuddy\byte-buddy-agent\1.7.4\byte-buddy-agent-1.7.4.jar;C:\Users\azalius\.m2\repository\org\objenesis\objenesis\2.6\objenesis-2.6.jar;C:/Users/azalius/AppData/Local/Temp/infinitest689685023.jar, ComSpec=C:\Windows\system32\cmd.exe, OpenXXDir=C:\Softs'Ium\Shell\, ProgramData=C:\ProgramData, ProgramW6432=C:\Program Files, HOMEPATH=\Users\azalius, SystemRoot=C:\Windows, TEMP=C:\Users\azalius\AppData\Local\Temp, HOMEDRIVE=C:, PROCESSOR_IDENTIFIER=Intel64 Family 6 Model 55 Stepping 8, GenuineIntel, USERPROFILE=C:\Users\azalius, TMP=C:\Users\azalius\AppData\Local\Temp, OpenXXDll=C:\Softs'Ium\Shell\OpenXX64.dll, CommonProgramFiles(x86)=C:\Program Files (x86)\Common Files, ProgramFiles=C:\Program Files, PUBLIC=C:\Users\Public, NUMBER_OF_PROCESSORS=2, OpenXXApp=C:\Softs'Ium\Shell\OpenXX64.exe, windir=C:\Windows, =::=::\}
Command: [C:\Program Files\Java\jre1.8.0_144\bin\java.exe, -mx256m, org.infinitest.testrunner.TestRunnerProcess, org.infinitest.testrunner.JUnit4Runner, 58687]

!ENTRY org.infinitest.eclipse 1 0 2017-11-21 16:20:44.956
!MESSAGE Update complete. Status PASSING

!ENTRY org.infinitest.eclipse 1 0 2017-11-21 16:25:48.793
!MESSAGE KataParrot Files changed: [C:\Users\azalius\Documents\TpIb\KataParrot\target\classes\unilim\fr\KataParrot\AfricanParrot.class]

!ENTRY org.infinitest.eclipse 1 0 2017-11-21 16:26:37.888
!MESSAGE KataParrot Files changed: [C:\Users\azalius\Documents\TpIb\KataParrot\target\test-classes\unilim\fr\KataParrot\ParrotTest.class]

!ENTRY org.infinitest.eclipse 1 0 2017-11-21 16:26:37.889
!MESSAGE KataParrot Running tests: [unilim.fr.KataParrot.ParrotTest]

!ENTRY org.infinitest.eclipse 1 0 2017-11-21 16:26:37.892
!MESSAGE Launching test runner process with the following configuration:
Directory: C:\Users\azalius\Documents\TpIb\KataParrot
Environment: {LOCALAPPDATA=C:\Users\azalius\AppData\Local, MSMPI_BIN=C:\Program Files\Microsoft MPI\Bin\, PROCESSOR_LEVEL=6, FP_NO_HOST_CHECK=NO, USERDOMAIN=azalius-PC, LOGONSERVER=\\AZALIUS-PC, FSHARPINSTALLDIR=C:\Program Files (x86)\Microsoft SDKs\F#\4.1\Framework\v4.0\, SESSIONNAME=Console, ALLUSERSPROFILE=C:\ProgramData, PROCESSOR_ARCHITECTURE=AMD64, PSModulePath=C:\Windows\system32\WindowsPowerShell\v1.0\Modules\, SystemDrive=C:, APPDATA=C:\Users\azalius\AppData\Roaming, GTK_BASEPATH=C:\Program Files (x86)\GtkSharp\2.12\, USERNAME=azalius, windows_tracing_logfile=C:\BVTBin\Tests\installpackage\csilogfile.log, ProgramFiles(x86)=C:\Program Files (x86), CommonProgramFiles=C:\Program Files\Common Files, Path=C:/Program Files/Java/jre1.8.0_144/bin/server;C:/Program Files/Java/jre1.8.0_144/bin;C:/Program Files/Java/jre1.8.0_144/lib/amd64;C:\Program Files\Python36\Scripts\;C:\Program Files\Python36\;C:\Program Files\Microsoft MPI\Bin\;C:\ProgramData\Oracle\Java\javapath;C:\Windows\system32;C:\Windows;C:\Windows\System32\Wbem;C:\Windows\System32\WindowsPowerShell\v1.0\;C:\Program Files\Microsoft SQL Server\130\Tools\Binn\;C:\Program Files\dotnet\;C:\Program Files (x86)\GtkSharp\2.12\bin;C:\Program Files\Git\cmd;C:\Program Files\Microsoft VS Code\bin;C:\Users\azalius\AppData\Local\atom\bin;C:\eclipse;, PATHEXT=.COM;.EXE;.BAT;.CMD;.VBS;.VBE;.JS;.JSE;.WSF;.WSH;.MSC;.PY;.PYW, OS=Windows_NT, windows_tracing_flags=3, COMPUTERNAME=AZALIUS-PC, PROCESSOR_REVISION=3708, CommonProgramW6432=C:\Program Files\Common Files, CLASSPATH=C:\Users\azalius\Documents\TpIb\KataParrot\target\classes;C:\Users\azalius\Documents\TpIb\KataParrot\target\test-classes;C:\Users\azalius\.m2\repository\junit\junit\4.12\junit-4.12.jar;C:\Users\azalius\.m2\repository\org\hamcrest\hamcrest-core\1.3\hamcrest-core-1.3.jar;C:\Users\azalius\.m2\repository\org\mockito\mockito-core\2.10.0\mockito-core-2.10.0.jar;C:\Users\azalius\.m2\repository\net\bytebuddy\byte-buddy\1.7.4\byte-buddy-1.7.4.jar;C:\Users\azalius\.m2\repository\net\bytebuddy\byte-buddy-agent\1.7.4\byte-buddy-agent-1.7.4.jar;C:\Users\azalius\.m2\repository\org\objenesis\objenesis\2.6\objenesis-2.6.jar;C:/Users/azalius/AppData/Local/Temp/infinitest689685023.jar, ComSpec=C:\Windows\system32\cmd.exe, OpenXXDir=C:\Softs'Ium\Shell\, ProgramData=C:\ProgramData, ProgramW6432=C:\Program Files, HOMEPATH=\Users\azalius, SystemRoot=C:\Windows, TEMP=C:\Users\azalius\AppData\Local\Temp, HOMEDRIVE=C:, PROCESSOR_IDENTIFIER=Intel64 Family 6 Model 55 Stepping 8, GenuineIntel, USERPROFILE=C:\Users\azalius, TMP=C:\Users\azalius\AppData\Local\Temp, OpenXXDll=C:\Softs'Ium\Shell\OpenXX64.dll, CommonProgramFiles(x86)=C:\Program Files (x86)\Common Files, ProgramFiles=C:\Program Files, PUBLIC=C:\Users\Public, NUMBER_OF_PROCESSORS=2, OpenXXApp=C:\Softs'Ium\Shell\OpenXX64.exe, windir=C:\Windows, =::=::\}
Command: [C:\Program Files\Java\jre1.8.0_144\bin\java.exe, -mx256m, org.infinitest.testrunner.TestRunnerProcess, org.infinitest.testrunner.JUnit4Runner, 58691]

!ENTRY org.infinitest.eclipse 1 0 2017-11-21 16:26:39.646
!MESSAGE Update complete. Status PASSING

!ENTRY org.infinitest.eclipse 1 0 2017-11-21 16:28:42.560
!MESSAGE KataParrot Files changed: [C:\Users\azalius\Documents\TpIb\KataParrot\target\classes\unilim\fr\KataParrot\NorweiganParrot.class]

!ENTRY org.infinitest.eclipse 1 0 2017-11-21 16:30:14.494
!MESSAGE KataParrot Files changed: [C:\Users\azalius\Documents\TpIb\KataParrot\target\test-classes\unilim\fr\KataParrot\ParrotTest.class]

!ENTRY org.infinitest.eclipse 1 0 2017-11-21 16:30:14.496
!MESSAGE KataParrot Running tests: [unilim.fr.KataParrot.ParrotTest]

!ENTRY org.infinitest.eclipse 1 0 2017-11-21 16:30:14.499
!MESSAGE Launching test runner process with the following configuration:
Directory: C:\Users\azalius\Documents\TpIb\KataParrot
Environment: {LOCALAPPDATA=C:\Users\azalius\AppData\Local, MSMPI_BIN=C:\Program Files\Microsoft MPI\Bin\, PROCESSOR_LEVEL=6, FP_NO_HOST_CHECK=NO, USERDOMAIN=azalius-PC, LOGONSERVER=\\AZALIUS-PC, FSHARPINSTALLDIR=C:\Program Files (x86)\Microsoft SDKs\F#\4.1\Framework\v4.0\, SESSIONNAME=Console, ALLUSERSPROFILE=C:\ProgramData, PROCESSOR_ARCHITECTURE=AMD64, PSModulePath=C:\Windows\system32\WindowsPowerShell\v1.0\Modules\, SystemDrive=C:, APPDATA=C:\Users\azalius\AppData\Roaming, GTK_BASEPATH=C:\Program Files (x86)\GtkSharp\2.12\, USERNAME=azalius, windows_tracing_logfile=C:\BVTBin\Tests\installpackage\csilogfile.log, ProgramFiles(x86)=C:\Program Files (x86), CommonProgramFiles=C:\Program Files\Common Files, Path=C:/Program Files/Java/jre1.8.0_144/bin/server;C:/Program Files/Java/jre1.8.0_144/bin;C:/Program Files/Java/jre1.8.0_144/lib/amd64;C:\Program Files\Python36\Scripts\;C:\Program Files\Python36\;C:\Program Files\Microsoft MPI\Bin\;C:\ProgramData\Oracle\Java\javapath;C:\Windows\system32;C:\Windows;C:\Windows\System32\Wbem;C:\Windows\System32\WindowsPowerShell\v1.0\;C:\Program Files\Microsoft SQL Server\130\Tools\Binn\;C:\Program Files\dotnet\;C:\Program Files (x86)\GtkSharp\2.12\bin;C:\Program Files\Git\cmd;C:\Program Files\Microsoft VS Code\bin;C:\Users\azalius\AppData\Local\atom\bin;C:\eclipse;, PATHEXT=.COM;.EXE;.BAT;.CMD;.VBS;.VBE;.JS;.JSE;.WSF;.WSH;.MSC;.PY;.PYW, OS=Windows_NT, windows_tracing_flags=3, COMPUTERNAME=AZALIUS-PC, PROCESSOR_REVISION=3708, CommonProgramW6432=C:\Program Files\Common Files, CLASSPATH=C:\Users\azalius\Documents\TpIb\KataParrot\target\classes;C:\Users\azalius\Documents\TpIb\KataParrot\target\test-classes;C:\Users\azalius\.m2\repository\junit\junit\4.12\junit-4.12.jar;C:\Users\azalius\.m2\repository\org\hamcrest\hamcrest-core\1.3\hamcrest-core-1.3.jar;C:\Users\azalius\.m2\repository\org\mockito\mockito-core\2.10.0\mockito-core-2.10.0.jar;C:\Users\azalius\.m2\repository\net\bytebuddy\byte-buddy\1.7.4\byte-buddy-1.7.4.jar;C:\Users\azalius\.m2\repository\net\bytebuddy\byte-buddy-agent\1.7.4\byte-buddy-agent-1.7.4.jar;C:\Users\azalius\.m2\repository\org\objenesis\objenesis\2.6\objenesis-2.6.jar;C:/Users/azalius/AppData/Local/Temp/infinitest689685023.jar, ComSpec=C:\Windows\system32\cmd.exe, OpenXXDir=C:\Softs'Ium\Shell\, ProgramData=C:\ProgramData, ProgramW6432=C:\Program Files, HOMEPATH=\Users\azalius, SystemRoot=C:\Windows, TEMP=C:\Users\azalius\AppData\Local\Temp, HOMEDRIVE=C:, PROCESSOR_IDENTIFIER=Intel64 Family 6 Model 55 Stepping 8, GenuineIntel, USERPROFILE=C:\Users\azalius, TMP=C:\Users\azalius\AppData\Local\Temp, OpenXXDll=C:\Softs'Ium\Shell\OpenXX64.dll, CommonProgramFiles(x86)=C:\Program Files (x86)\Common Files, ProgramFiles=C:\Program Files, PUBLIC=C:\Users\Public, NUMBER_OF_PROCESSORS=2, OpenXXApp=C:\Softs'Ium\Shell\OpenXX64.exe, windir=C:\Windows, =::=::\}
Command: [C:\Program Files\Java\jre1.8.0_144\bin\java.exe, -mx256m, org.infinitest.testrunner.TestRunnerProcess, org.infinitest.testrunner.JUnit4Runner, 58693]

!ENTRY org.infinitest.eclipse 1 0 2017-11-21 16:30:16.274
!MESSAGE Update complete. Status PASSING

!ENTRY org.infinitest.eclipse 1 0 2017-11-21 16:53:10.234
!MESSAGE KataParrot Files changed: [C:\Users\azalius\Documents\TpIb\KataParrot\target\classes\unilim\fr\KataParrot\Parrot.class, C:\Users\azalius\Documents\TpIb\KataParrot\target\test-classes\unilim\fr\KataParrot\ParrotTest.class, C:\Users\azalius\Documents\TpIb\KataParrot\target\classes\unilim\fr\KataParrot\NorweiganParrot.class, C:\Users\azalius\Documents\TpIb\KataParrot\target\classes\unilim\fr\KataParrot\AfricanParrot.class, C:\Users\azalius\Documents\TpIb\KataParrot\target\classes\unilim\fr\KataParrot\EuropeanParrot.class]

!ENTRY org.infinitest.eclipse 1 0 2017-11-21 16:53:10.247
!MESSAGE KataParrot Running tests: [unilim.fr.KataParrot.ParrotTest]

!ENTRY org.infinitest.eclipse 1 0 2017-11-21 16:53:10.250
!MESSAGE Launching test runner process with the following configuration:
Directory: C:\Users\azalius\Documents\TpIb\KataParrot
Environment: {LOCALAPPDATA=C:\Users\azalius\AppData\Local, MSMPI_BIN=C:\Program Files\Microsoft MPI\Bin\, PROCESSOR_LEVEL=6, FP_NO_HOST_CHECK=NO, USERDOMAIN=azalius-PC, LOGONSERVER=\\AZALIUS-PC, FSHARPINSTALLDIR=C:\Program Files (x86)\Microsoft SDKs\F#\4.1\Framework\v4.0\, SESSIONNAME=Console, ALLUSERSPROFILE=C:\ProgramData, PROCESSOR_ARCHITECTURE=AMD64, PSModulePath=C:\Windows\system32\WindowsPowerShell\v1.0\Modules\, SystemDrive=C:, APPDATA=C:\Users\azalius\AppData\Roaming, GTK_BASEPATH=C:\Program Files (x86)\GtkSharp\2.12\, USERNAME=azalius, windows_tracing_logfile=C:\BVTBin\Tests\installpackage\csilogfile.log, ProgramFiles(x86)=C:\Program Files (x86), CommonProgramFiles=C:\Program Files\Common Files, Path=C:/Program Files/Java/jre1.8.0_144/bin/server;C:/Program Files/Java/jre1.8.0_144/bin;C:/Program Files/Java/jre1.8.0_144/lib/amd64;C:\Program Files\Python36\Scripts\;C:\Program Files\Python36\;C:\Program Files\Microsoft MPI\Bin\;C:\ProgramData\Oracle\Java\javapath;C:\Windows\system32;C:\Windows;C:\Windows\System32\Wbem;C:\Windows\System32\WindowsPowerShell\v1.0\;C:\Program Files\Microsoft SQL Server\130\Tools\Binn\;C:\Program Files\dotnet\;C:\Program Files (x86)\GtkSharp\2.12\bin;C:\Program Files\Git\cmd;C:\Program Files\Microsoft VS Code\bin;C:\Users\azalius\AppData\Local\atom\bin;C:\eclipse;, PATHEXT=.COM;.EXE;.BAT;.CMD;.VBS;.VBE;.JS;.JSE;.WSF;.WSH;.MSC;.PY;.PYW, OS=Windows_NT, windows_tracing_flags=3, COMPUTERNAME=AZALIUS-PC, PROCESSOR_REVISION=3708, CommonProgramW6432=C:\Program Files\Common Files, CLASSPATH=C:\Users\azalius\Documents\TpIb\KataParrot\target\classes;C:\Users\azalius\Documents\TpIb\KataParrot\target\test-classes;C:\Users\azalius\.m2\repository\junit\junit\4.12\junit-4.12.jar;C:\Users\azalius\.m2\repository\org\hamcrest\hamcrest-core\1.3\hamcrest-core-1.3.jar;C:\Users\azalius\.m2\repository\org\mockito\mockito-core\2.10.0\mockito-core-2.10.0.jar;C:\Users\azalius\.m2\repository\net\bytebuddy\byte-buddy\1.7.4\byte-buddy-1.7.4.jar;C:\Users\azalius\.m2\repository\net\bytebuddy\byte-buddy-agent\1.7.4\byte-buddy-agent-1.7.4.jar;C:\Users\azalius\.m2\repository\org\objenesis\objenesis\2.6\objenesis-2.6.jar;C:/Users/azalius/AppData/Local/Temp/infinitest689685023.jar, ComSpec=C:\Windows\system32\cmd.exe, OpenXXDir=C:\Softs'Ium\Shell\, ProgramData=C:\ProgramData, ProgramW6432=C:\Program Files, HOMEPATH=\Users\azalius, SystemRoot=C:\Windows, TEMP=C:\Users\azalius\AppData\Local\Temp, HOMEDRIVE=C:, PROCESSOR_IDENTIFIER=Intel64 Family 6 Model 55 Stepping 8, GenuineIntel, USERPROFILE=C:\Users\azalius, TMP=C:\Users\azalius\AppData\Local\Temp, OpenXXDll=C:\Softs'Ium\Shell\OpenXX64.dll, CommonProgramFiles(x86)=C:\Program Files (x86)\Common Files, ProgramFiles=C:\Program Files, PUBLIC=C:\Users\Public, NUMBER_OF_PROCESSORS=2, OpenXXApp=C:\Softs'Ium\Shell\OpenXX64.exe, windir=C:\Windows, =::=::\}
Command: [C:\Program Files\Java\jre1.8.0_144\bin\java.exe, -mx256m, org.infinitest.testrunner.TestRunnerProcess, org.infinitest.testrunner.JUnit4Runner, 58706]

!ENTRY org.infinitest.eclipse 1 0 2017-11-21 16:53:11.353
!MESSAGE Update complete. Status PASSING

!ENTRY org.infinitest.eclipse 1 0 2017-11-21 16:53:19.151
!MESSAGE KataParrot Files changed: [C:\Users\azalius\Documents\TpIb\KataParrot\target\classes\unilim\fr\KataParrot\NorweiganParrot.class]

!ENTRY org.infinitest.eclipse 1 0 2017-11-21 16:53:19.155
!MESSAGE KataParrot Running tests: [unilim.fr.KataParrot.ParrotTest]

!ENTRY org.infinitest.eclipse 1 0 2017-11-21 16:53:19.158
!MESSAGE Launching test runner process with the following configuration:
Directory: C:\Users\azalius\Documents\TpIb\KataParrot
Environment: {LOCALAPPDATA=C:\Users\azalius\AppData\Local, MSMPI_BIN=C:\Program Files\Microsoft MPI\Bin\, PROCESSOR_LEVEL=6, FP_NO_HOST_CHECK=NO, USERDOMAIN=azalius-PC, LOGONSERVER=\\AZALIUS-PC, FSHARPINSTALLDIR=C:\Program Files (x86)\Microsoft SDKs\F#\4.1\Framework\v4.0\, SESSIONNAME=Console, ALLUSERSPROFILE=C:\ProgramData, PROCESSOR_ARCHITECTURE=AMD64, PSModulePath=C:\Windows\system32\WindowsPowerShell\v1.0\Modules\, SystemDrive=C:, APPDATA=C:\Users\azalius\AppData\Roaming, GTK_BASEPATH=C:\Program Files (x86)\GtkSharp\2.12\, USERNAME=azalius, windows_tracing_logfile=C:\BVTBin\Tests\installpackage\csilogfile.log, ProgramFiles(x86)=C:\Program Files (x86), CommonProgramFiles=C:\Program Files\Common Files, Path=C:/Program Files/Java/jre1.8.0_144/bin/server;C:/Program Files/Java/jre1.8.0_144/bin;C:/Program Files/Java/jre1.8.0_144/lib/amd64;C:\Program Files\Python36\Scripts\;C:\Program Files\Python36\;C:\Program Files\Microsoft MPI\Bin\;C:\ProgramData\Oracle\Java\javapath;C:\Windows\system32;C:\Windows;C:\Windows\System32\Wbem;C:\Windows\System32\WindowsPowerShell\v1.0\;C:\Program Files\Microsoft SQL Server\130\Tools\Binn\;C:\Program Files\dotnet\;C:\Program Files (x86)\GtkSharp\2.12\bin;C:\Program Files\Git\cmd;C:\Program Files\Microsoft VS Code\bin;C:\Users\azalius\AppData\Local\atom\bin;C:\eclipse;, PATHEXT=.COM;.EXE;.BAT;.CMD;.VBS;.VBE;.JS;.JSE;.WSF;.WSH;.MSC;.PY;.PYW, OS=Windows_NT, windows_tracing_flags=3, COMPUTERNAME=AZALIUS-PC, PROCESSOR_REVISION=3708, CommonProgramW6432=C:\Program Files\Common Files, CLASSPATH=C:\Users\azalius\Documents\TpIb\KataParrot\target\classes;C:\Users\azalius\Documents\TpIb\KataParrot\target\test-classes;C:\Users\azalius\.m2\repository\junit\junit\4.12\junit-4.12.jar;C:\Users\azalius\.m2\repository\org\hamcrest\hamcrest-core\1.3\hamcrest-core-1.3.jar;C:\Users\azalius\.m2\repository\org\mockito\mockito-core\2.10.0\mockito-core-2.10.0.jar;C:\Users\azalius\.m2\repository\net\bytebuddy\byte-buddy\1.7.4\byte-buddy-1.7.4.jar;C:\Users\azalius\.m2\repository\net\bytebuddy\byte-buddy-agent\1.7.4\byte-buddy-agent-1.7.4.jar;C:\Users\azalius\.m2\repository\org\objenesis\objenesis\2.6\objenesis-2.6.jar;C:/Users/azalius/AppData/Local/Temp/infinitest689685023.jar, ComSpec=C:\Windows\system32\cmd.exe, OpenXXDir=C:\Softs'Ium\Shell\, ProgramData=C:\ProgramData, ProgramW6432=C:\Program Files, HOMEPATH=\Users\azalius, SystemRoot=C:\Windows, TEMP=C:\Users\azalius\AppData\Local\Temp, HOMEDRIVE=C:, PROCESSOR_IDENTIFIER=Intel64 Family 6 Model 55 Stepping 8, GenuineIntel, USERPROFILE=C:\Users\azalius, TMP=C:\Users\azalius\AppData\Local\Temp, OpenXXDll=C:\Softs'Ium\Shell\OpenXX64.dll, CommonProgramFiles(x86)=C:\Program Files (x86)\Common Files, ProgramFiles=C:\Program Files, PUBLIC=C:\Users\Public, NUMBER_OF_PROCESSORS=2, OpenXXApp=C:\Softs'Ium\Shell\OpenXX64.exe, windir=C:\Windows, =::=::\}
Command: [C:\Program Files\Java\jre1.8.0_144\bin\java.exe, -mx256m, org.infinitest.testrunner.TestRunnerProcess, org.infinitest.testrunner.JUnit4Runner, 58708]

!ENTRY org.infinitest.eclipse 1 0 2017-11-21 16:53:20.368
!MESSAGE Update complete. Status PASSING
